
*** Running vivado
    with args -log Feux_tricolore.vds -m64 -product Vivado -mode batch -messageDb vivado.pb -notrace -source Feux_tricolore.tcl



****** Vivado v2021.2 (64-bit)
  **** SW Build 3367213 on Tue Oct 19 02:48:09 MDT 2021
  **** IP Build 3369179 on Thu Oct 21 08:25:16 MDT 2021
    ** Copyright 1986-2021 Xilinx, Inc. All Rights Reserved.

source Feux_tricolore.tcl -notrace
create_project: Time (s): cpu = 00:00:05 ; elapsed = 00:00:06 . Memory (MB): peak = 1452.613 ; gain = 0.000
Command: read_checkpoint -auto_incremental -incremental D:/leo/TodoPerso/3.FPGA_SOC/Machines_Etats/Feux_tricolore/Feux_tricolore.srcs/utils_1/imports/synth_1/Feux_tricolore.dcp
INFO: [Vivado 12-5825] Read reference checkpoint from D:/leo/TodoPerso/3.FPGA_SOC/Machines_Etats/Feux_tricolore/Feux_tricolore.srcs/utils_1/imports/synth_1/Feux_tricolore.dcp for incremental synthesis
INFO: [Vivado 12-7989] Please ensure there are no constraint changes
Command: synth_design -top Feux_tricolore -part xc7z020clg400-1
Starting synth_design
Attempting to get a license for feature 'Synthesis' and/or device 'xc7z020'
INFO: [Common 17-349] Got license for feature 'Synthesis' and/or device 'xc7z020'
WARNING: [Designutils 20-4072] Reference run did not run incremental synthesis because the design is too small; reverting to default synthesis
INFO: [Designutils 20-4379] Flow is switching to default flow due to incremental criteria not met. If you would like to alter this behaviour and have the flow terminate instead, please set the following parameter config_implementation {autoIncr.Synth.RejectBehavior Terminate}
INFO: [Synth 8-7079] Multithreading enabled for synth_design using a maximum of 2 processes.
INFO: [Synth 8-7078] Launching helper process for spawning children vivado processes
INFO: [Synth 8-7075] Helper process launched with PID 12848
---------------------------------------------------------------------------------
Starting Synthesize : Time (s): cpu = 00:00:06 ; elapsed = 00:00:06 . Memory (MB): peak = 1452.613 ; gain = 0.000
---------------------------------------------------------------------------------
INFO: [Synth 8-638] synthesizing module 'Feux_tricolore' [D:/leo/TodoPerso/3.FPGA_SOC/Machines_Etats/Feux_tricolore_vhdl/Feux_tricolore_vhdl.srcs/sources_1/new/FeuxTricolore.vhd:12]
INFO: [Synth 8-256] done synthesizing module 'Feux_tricolore' (1#1) [D:/leo/TodoPerso/3.FPGA_SOC/Machines_Etats/Feux_tricolore_vhdl/Feux_tricolore_vhdl.srcs/sources_1/new/FeuxTricolore.vhd:12]
---------------------------------------------------------------------------------
Finished Synthesize : Time (s): cpu = 00:00:07 ; elapsed = 00:00:08 . Memory (MB): peak = 1452.613 ; gain = 0.000
---------------------------------------------------------------------------------
---------------------------------------------------------------------------------
Finished Constraint Validation : Time (s): cpu = 00:00:08 ; elapsed = 00:00:08 . Memory (MB): peak = 1452.613 ; gain = 0.000
---------------------------------------------------------------------------------
---------------------------------------------------------------------------------
Start Loading Part and Timing Information
---------------------------------------------------------------------------------
Loading part: xc7z020clg400-1
---------------------------------------------------------------------------------
INFO: [Device 21-403] Loading part xc7z020clg400-1
Finished Loading Part and Timing Information : Time (s): cpu = 00:00:08 ; elapsed = 00:00:09 . Memory (MB): peak = 1452.613 ; gain = 0.000
---------------------------------------------------------------------------------
INFO: [Synth 8-802] inferred FSM for state register 'etat_present_reg' in module 'Feux_tricolore'
---------------------------------------------------------------------------------------------------
                   State |                     New Encoding |                Previous Encoding 
---------------------------------------------------------------------------------------------------
                   etat0 |                          0000001 |                              000
                   etat1 |                          0000010 |                              001
                   etat2 |                          0000100 |                              010
                   etat3 |                          0001000 |                              011
                   etat4 |                          0010000 |                              100
                   etat5 |                          0100000 |                              101
                   etat6 |                          1000000 |                              110
---------------------------------------------------------------------------------------------------
INFO: [Synth 8-3354] encoded FSM with state register 'etat_present_reg' using encoding 'one-hot' in module 'Feux_tricolore'
WARNING: [Synth 8-327] inferring latch for variable 'counter_reg' [D:/leo/TodoPerso/3.FPGA_SOC/Machines_Etats/Feux_tricolore_vhdl/Feux_tricolore_vhdl.srcs/sources_1/new/FeuxTricolore.vhd:36]
---------------------------------------------------------------------------------
Finished RTL Optimization Phase 2 : Time (s): cpu = 00:00:08 ; elapsed = 00:00:09 . Memory (MB): peak = 1452.613 ; gain = 0.000
---------------------------------------------------------------------------------
No constraint files found.
---------------------------------------------------------------------------------
Start RTL Component Statistics 
---------------------------------------------------------------------------------
Detailed RTL Component Info : 
+---Adders : 
	   2 Input    4 Bit       Adders := 1     
+---Muxes : 
	   7 Input    7 Bit        Muxes := 1     
	   2 Input    7 Bit        Muxes := 7     
	   7 Input    3 Bit        Muxes := 2     
	   2 Input    1 Bit        Muxes := 2     
	   7 Input    1 Bit        Muxes := 1     
---------------------------------------------------------------------------------
Finished RTL Component Statistics 
---------------------------------------------------------------------------------
---------------------------------------------------------------------------------
Start Part Resource Summary
---------------------------------------------------------------------------------
Part Resources:
DSPs: 220 (col length:60)
BRAMs: 280 (col length: RAMB18 60 RAMB36 30)
---------------------------------------------------------------------------------
Finished Part Resource Summary
---------------------------------------------------------------------------------
No constraint files found.
---------------------------------------------------------------------------------
Start Cross Boundary and Area Optimization
---------------------------------------------------------------------------------
WARNING: [Synth 8-7080] Parallel synthesis criteria is not met
---------------------------------------------------------------------------------
Finished Cross Boundary and Area Optimization : Time (s): cpu = 00:00:13 ; elapsed = 00:00:23 . Memory (MB): peak = 1452.613 ; gain = 0.000
---------------------------------------------------------------------------------
No constraint files found.
---------------------------------------------------------------------------------
Start Timing Optimization
---------------------------------------------------------------------------------
---------------------------------------------------------------------------------
Finished Timing Optimization : Time (s): cpu = 00:00:13 ; elapsed = 00:00:23 . Memory (MB): peak = 1452.613 ; gain = 0.000
---------------------------------------------------------------------------------
---------------------------------------------------------------------------------
Start Technology Mapping
---------------------------------------------------------------------------------
---------------------------------------------------------------------------------
Finished Technology Mapping : Time (s): cpu = 00:00:13 ; elapsed = 00:00:23 . Memory (MB): peak = 1452.613 ; gain = 0.000
---------------------------------------------------------------------------------
---------------------------------------------------------------------------------
Start IO Insertion
---------------------------------------------------------------------------------
---------------------------------------------------------------------------------
Start Flattening Before IO Insertion
---------------------------------------------------------------------------------
---------------------------------------------------------------------------------
Finished Flattening Before IO Insertion
---------------------------------------------------------------------------------
---------------------------------------------------------------------------------
Start Final Netlist Cleanup
---------------------------------------------------------------------------------
---------------------------------------------------------------------------------
Finished Final Netlist Cleanup
---------------------------------------------------------------------------------
---------------------------------------------------------------------------------
Finished IO Insertion : Time (s): cpu = 00:00:18 ; elapsed = 00:00:28 . Memory (MB): peak = 1452.613 ; gain = 0.000
---------------------------------------------------------------------------------
---------------------------------------------------------------------------------
Start Renaming Generated Instances
---------------------------------------------------------------------------------
---------------------------------------------------------------------------------
Finished Renaming Generated Instances : Time (s): cpu = 00:00:18 ; elapsed = 00:00:28 . Memory (MB): peak = 1452.613 ; gain = 0.000
---------------------------------------------------------------------------------
CRITICAL WARNING: [Synth 8-6859] multi-driven net on pin counter[3] with 1st driver pin 'counter_reg[3]__0/Q' [D:/leo/TodoPerso/3.FPGA_SOC/Machines_Etats/Feux_tricolore_vhdl/Feux_tricolore_vhdl.srcs/sources_1/new/FeuxTricolore.vhd:25]
CRITICAL WARNING: [Synth 8-6859] multi-driven net on pin counter[3] with 2nd driver pin 'counter_reg[3]/Q' [D:/leo/TodoPerso/3.FPGA_SOC/Machines_Etats/Feux_tricolore_vhdl/Feux_tricolore_vhdl.srcs/sources_1/new/FeuxTricolore.vhd:36]
CRITICAL WARNING: [Synth 8-6859] multi-driven net on pin counter[2] with 1st driver pin 'counter_reg[2]__0/Q' [D:/leo/TodoPerso/3.FPGA_SOC/Machines_Etats/Feux_tricolore_vhdl/Feux_tricolore_vhdl.srcs/sources_1/new/FeuxTricolore.vhd:25]
CRITICAL WARNING: [Synth 8-6859] multi-driven net on pin counter[2] with 2nd driver pin 'counter_reg[2]/Q' [D:/leo/TodoPerso/3.FPGA_SOC/Machines_Etats/Feux_tricolore_vhdl/Feux_tricolore_vhdl.srcs/sources_1/new/FeuxTricolore.vhd:36]
CRITICAL WARNING: [Synth 8-6859] multi-driven net on pin counter[1] with 1st driver pin 'counter_reg[1]__0/Q' [D:/leo/TodoPerso/3.FPGA_SOC/Machines_Etats/Feux_tricolore_vhdl/Feux_tricolore_vhdl.srcs/sources_1/new/FeuxTricolore.vhd:25]
CRITICAL WARNING: [Synth 8-6859] multi-driven net on pin counter[1] with 2nd driver pin 'counter_reg[1]/Q' [D:/leo/TodoPerso/3.FPGA_SOC/Machines_Etats/Feux_tricolore_vhdl/Feux_tricolore_vhdl.srcs/sources_1/new/FeuxTricolore.vhd:36]
CRITICAL WARNING: [Synth 8-6859] multi-driven net on pin counter[0] with 1st driver pin 'counter_reg[0]__0/Q' [D:/leo/TodoPerso/3.FPGA_SOC/Machines_Etats/Feux_tricolore_vhdl/Feux_tricolore_vhdl.srcs/sources_1/new/FeuxTricolore.vhd:25]
CRITICAL WARNING: [Synth 8-6859] multi-driven net on pin counter[0] with 2nd driver pin 'counter_reg[0]/Q' [D:/leo/TodoPerso/3.FPGA_SOC/Machines_Etats/Feux_tricolore_vhdl/Feux_tricolore_vhdl.srcs/sources_1/new/FeuxTricolore.vhd:36]

Report Check Netlist: 
+------+------------------+-------+---------+-------+------------------+
|      |Item              |Errors |Warnings |Status |Description       |
+------+------------------+-------+---------+-------+------------------+
|1     |multi_driven_nets |      0|        4|Failed |Multi driven nets |
+------+------------------+-------+---------+-------+------------------+
---------------------------------------------------------------------------------
Start Rebuilding User Hierarchy
---------------------------------------------------------------------------------
---------------------------------------------------------------------------------
Finished Rebuilding User Hierarchy : Time (s): cpu = 00:00:18 ; elapsed = 00:00:28 . Memory (MB): peak = 1452.613 ; gain = 0.000
---------------------------------------------------------------------------------
---------------------------------------------------------------------------------
Start Renaming Generated Ports
---------------------------------------------------------------------------------
---------------------------------------------------------------------------------
Finished Renaming Generated Ports : Time (s): cpu = 00:00:18 ; elapsed = 00:00:28 . Memory (MB): peak = 1452.613 ; gain = 0.000
---------------------------------------------------------------------------------
---------------------------------------------------------------------------------
Start Handling Custom Attributes
---------------------------------------------------------------------------------
---------------------------------------------------------------------------------
Finished Handling Custom Attributes : Time (s): cpu = 00:00:18 ; elapsed = 00:00:28 . Memory (MB): peak = 1452.613 ; gain = 0.000
---------------------------------------------------------------------------------
---------------------------------------------------------------------------------
Start Renaming Generated Nets
---------------------------------------------------------------------------------
---------------------------------------------------------------------------------
Finished Renaming Generated Nets : Time (s): cpu = 00:00:18 ; elapsed = 00:00:28 . Memory (MB): peak = 1452.613 ; gain = 0.000
---------------------------------------------------------------------------------
---------------------------------------------------------------------------------
Start Writing Synthesis Report
---------------------------------------------------------------------------------

Report BlackBoxes: 
+-+--------------+----------+
| |BlackBox name |Instances |
+-+--------------+----------+
+-+--------------+----------+

Report Cell Usage: 
+------+-----+------+
|      |Cell |Count |
+------+-----+------+
|1     |BUFG |     1|
|2     |LUT1 |     1|
|3     |LUT2 |     2|
|4     |LUT3 |     1|
|5     |LUT4 |     5|
|6     |LUT5 |     2|
|7     |LUT6 |     8|
|8     |FDRE |    11|
|9     |LD   |     4|
|10    |IBUF |     2|
|11    |OBUF |     6|
+------+-----+------+

Report Instance Areas: 
+------+---------+-------+------+
|      |Instance |Module |Cells |
+------+---------+-------+------+
|1     |top      |       |    43|
+------+---------+-------+------+
---------------------------------------------------------------------------------
Finished Writing Synthesis Report : Time (s): cpu = 00:00:18 ; elapsed = 00:00:28 . Memory (MB): peak = 1452.613 ; gain = 0.000
---------------------------------------------------------------------------------
Synthesis finished with 0 errors, 8 critical warnings and 2 warnings.
Synthesis Optimization Runtime : Time (s): cpu = 00:00:18 ; elapsed = 00:00:28 . Memory (MB): peak = 1452.613 ; gain = 0.000
Synthesis Optimization Complete : Time (s): cpu = 00:00:18 ; elapsed = 00:00:28 . Memory (MB): peak = 1452.613 ; gain = 0.000
INFO: [Project 1-571] Translating synthesized netlist
Netlist sorting complete. Time (s): cpu = 00:00:00 ; elapsed = 00:00:00.001 . Memory (MB): peak = 1452.613 ; gain = 0.000
INFO: [Netlist 29-17] Analyzing 4 Unisim elements for replacement
INFO: [Netlist 29-28] Unisim Transformation completed in 0 CPU seconds
INFO: [Project 1-570] Preparing netlist for logic optimization
INFO: [Opt 31-138] Pushed 0 inverter(s) to 0 load pin(s).
Netlist sorting complete. Time (s): cpu = 00:00:00 ; elapsed = 00:00:00 . Memory (MB): peak = 1452.613 ; gain = 0.000
INFO: [Project 1-111] Unisim Transformation Summary:
  A total of 4 instances were transformed.
  LD => LDCE: 4 instances

Synth Design complete, checksum: 6aec1fc1
INFO: [Common 17-83] Releasing license: Synthesis
19 Infos, 3 Warnings, 8 Critical Warnings and 0 Errors encountered.
synth_design completed successfully
synth_design: Time (s): cpu = 00:00:21 ; elapsed = 00:00:31 . Memory (MB): peak = 1452.613 ; gain = 0.000
INFO: [runtcl-6] Synthesis results are not added to the cache due to CRITICAL_WARNING
INFO: [Common 17-1381] The checkpoint 'D:/leo/TodoPerso/3.FPGA_SOC/Machines_Etats/Feux_tricolore/Feux_tricolore.runs/synth_1/Feux_tricolore.dcp' has been generated.
INFO: [runtcl-4] Executing : report_utilization -file Feux_tricolore_utilization_synth.rpt -pb Feux_tricolore_utilization_synth.pb
INFO: [Common 17-206] Exiting Vivado at Fri May 13 11:28:27 2022...
